# JRE version: OpenJDK Runtime Environment (8.0_152-b01) (build 1.8.0_152-release-1248-b01)
# Java VM: OpenJDK 64-Bit Server VM (25.152-b01 mixed mode windows-amd64 compressed oops)
Heap:
 PSYoungGen      total 182272K, used 53625K [0x00000000e0000000, 0x00000000f1500000, 0x0000000100000000)
  eden space 163840K, 32% used [0x00000000e0000000,0x00000000e345e5c0,0x00000000ea000000)
  from space 18432K, 0% used [0x00000000ea000000,0x00000000ea000000,0x00000000eb200000)
  to   space 23552K, 0% used [0x00000000efe00000,0x00000000efe00000,0x00000000f1500000)
 ParOldGen       total 252416K, used 36478K [0x00000000a0000000, 0x00000000af680000, 0x00000000e0000000)
  object space 252416K, 14% used [0x00000000a0000000,0x00000000a239fbc0,0x00000000af680000)
 Metaspace       used 58427K, capacity 59984K, committed 60160K, reserved 1101824K
  class space    used 7981K, capacity 8371K, committed 8448K, reserved 1048576K
GC Heap History (10 events):
Event: 4.397 GC heap before
{Heap before GC invocations=6 (full 1):
 PSYoungGen      total 111616K, used 108081K [0x00000000e0000000, 0x00000000e9180000, 0x0000000100000000)
  eden space 104448K, 96% used [0x00000000e0000000,0x00000000e628d960,0x00000000e6600000)
  from space 7168K, 99% used [0x00000000e8a80000,0x00000000e917eca8,0x00000000e9180000)
  to   space 10752K, 0% used [0x00000000e7c80000,0x00000000e7c80000,0x00000000e8700000)
 ParOldGen       total 103424K, used 10274K [0x00000000a0000000, 0x00000000a6500000, 0x00000000e0000000)
  object space 103424K, 9% used [0x00000000a0000000,0x00000000a0a08890,0x00000000a6500000)
 Metaspace       used 34619K, capacity 35262K, committed 35416K, reserved 1079296K
  class space    used 4827K, capacity 5065K, committed 5120K, reserved 1048576K
Event: 4.405 GC heap after
Heap after GC invocations=6 (full 1):
 PSYoungGen      total 138240K, used 10731K [0x00000000e0000000, 0x00000000ec080000, 0x0000000100000000)
  eden space 127488K, 0% used [0x00000000e0000000,0x00000000e0000000,0x00000000e7c80000)
  from space 10752K, 99% used [0x00000000e7c80000,0x00000000e86fae78,0x00000000e8700000)
  to   space 14848K, 0% used [0x00000000eb200000,0x00000000eb200000,0x00000000ec080000)
 ParOldGen       total 103424K, used 12914K [0x00000000a0000000, 0x00000000a6500000, 0x00000000e0000000)
  object space 103424K, 12% used [0x00000000a0000000,0x00000000a0c9ca20,0x00000000a6500000)
 Metaspace       used 34619K, capacity 35262K, committed 35416K, reserved 1079296K
  class space    used 4827K, capacity 5065K, committed 5120K, reserved 1048576K
}
Event: 4.405 GC heap before
{Heap before GC invocations=7 (full 2):
 PSYoungGen      total 138240K, used 10731K [0x00000000e0000000, 0x00000000ec080000, 0x0000000100000000)
  eden space 127488K, 0% used [0x00000000e0000000,0x00000000e0000000,0x00000000e7c80000)
  from space 10752K, 99% used [0x00000000e7c80000,0x00000000e86fae78,0x00000000e8700000)
  to   space 14848K, 0% used [0x00000000eb200000,0x00000000eb200000,0x00000000ec080000)
 ParOldGen       total 103424K, used 12914K [0x00000000a0000000, 0x00000000a6500000, 0x00000000e0000000)
  object space 103424K, 12% used [0x00000000a0000000,0x00000000a0c9ca20,0x00000000a6500000)
 Metaspace       used 34619K, capacity 35262K, committed 35416K, reserved 1079296K
  class space    used 4827K, capacity 5065K, committed 5120K, reserved 1048576K
Event: 4.434 GC heap after
Heap after GC invocations=7 (full 2):
 PSYoungGen      total 138240K, used 0K [0x00000000e0000000, 0x00000000ec080000, 0x0000000100000000)
  eden space 127488K, 0% used [0x00000000e0000000,0x00000000e0000000,0x00000000e7c80000)
  from space 10752K, 0% used [0x00000000e7c80000,0x00000000e7c80000,0x00000000e8700000)
  to   space 14848K, 0% used [0x00000000eb200000,0x00000000eb200000,0x00000000ec080000)
 ParOldGen       total 171008K, used 20150K [0x00000000a0000000, 0x00000000aa700000, 0x00000000e0000000)
  object space 171008K, 11% used [0x00000000a0000000,0x00000000a13adbf0,0x00000000aa700000)
 Metaspace       used 34619K, capacity 35262K, committed 35416K, reserved 1079296K
  class space    used 4827K, capacity 5065K, committed 5120K, reserved 1048576K
}
Event: 5.302 GC heap before
{Heap before GC invocations=8 (full 2):
 PSYoungGen      total 138240K, used 127488K [0x00000000e0000000, 0x00000000ec080000, 0x0000000100000000)
  eden space 127488K, 100% used [0x00000000e0000000,0x00000000e7c80000,0x00000000e7c80000)
  from space 10752K, 0% used [0x00000000e7c80000,0x00000000e7c80000,0x00000000e8700000)
  to   space 14848K, 0% used [0x00000000eb200000,0x00000000eb200000,0x00000000ec080000)
 ParOldGen       total 171008K, used 20150K [0x00000000a0000000, 0x00000000aa700000, 0x00000000e0000000)
  object space 171008K, 11% used [0x00000000a0000000,0x00000000a13adbf0,0x00000000aa700000)
 Metaspace       used 47784K, capacity 48682K, committed 49024K, reserved 1091584K
  class space    used 6474K, capacity 6752K, committed 6784K, reserved 1048576K
Event: 5.317 GC heap after
Heap after GC invocations=8 (full 2):
 PSYoungGen      total 178688K, used 14825K [0x00000000e0000000, 0x00000000ed580000, 0x0000000100000000)
  eden space 163840K, 0% used [0x00000000e0000000,0x00000000e0000000,0x00000000ea000000)
  from space 14848K, 99% used [0x00000000eb200000,0x00000000ec07a760,0x00000000ec080000)
  to   space 18432K, 0% used [0x00000000ea000000,0x00000000ea000000,0x00000000eb200000)
 ParOldGen       total 171008K, used 22847K [0x00000000a0000000, 0x00000000aa700000, 0x00000000e0000000)
  object space 171008K, 13% used [0x00000000a0000000,0x00000000a164fc90,0x00000000aa700000)
 Metaspace       used 47784K, capacity 48682K, committed 49024K, reserved 1091584K
  class space    used 6474K, capacity 6752K, committed 6784K, reserved 1048576K
}
Event: 6.190 GC heap before
{Heap before GC invocations=9 (full 2):
 PSYoungGen      total 178688K, used 142183K [0x00000000e0000000, 0x00000000ed580000, 0x0000000100000000)
  eden space 163840K, 77% used [0x00000000e0000000,0x00000000e7c5f648,0x00000000ea000000)
  from space 14848K, 99% used [0x00000000eb200000,0x00000000ec07a760,0x00000000ec080000)
  to   space 18432K, 0% used [0x00000000ea000000,0x00000000ea000000,0x00000000eb200000)
 ParOldGen       total 171008K, used 22847K [0x00000000a0000000, 0x00000000aa700000, 0x00000000e0000000)
  object space 171008K, 13% used [0x00000000a0000000,0x00000000a164fc90,0x00000000aa700000)
 Metaspace       used 57396K, capacity 58948K, committed 59008K, reserved 1099776K
  class space    used 7869K, capacity 8293K, committed 8320K, reserved 1048576K
Event: 6.203 GC heap after
Heap after GC invocations=9 (full 2):
 PSYoungGen      total 182272K, used 18404K [0x00000000e0000000, 0x00000000f1500000, 0x0000000100000000)
  eden space 163840K, 0% used [0x00000000e0000000,0x00000000e0000000,0x00000000ea000000)
  from space 18432K, 99% used [0x00000000ea000000,0x00000000eb1f9078,0x00000000eb200000)
  to   space 23552K, 0% used [0x00000000efe00000,0x00000000efe00000,0x00000000f1500000)
 ParOldGen       total 171008K, used 27244K [0x00000000a0000000, 0x00000000aa700000, 0x00000000e0000000)
  object space 171008K, 15% used [0x00000000a0000000,0x00000000a1a9b1c8,0x00000000aa700000)
 Metaspace       used 57396K, capacity 58948K, committed 59008K, reserved 1099776K
  class space    used 7869K, capacity 8293K, committed 8320K, reserved 1048576K
}
Event: 6.203 GC heap before
{Heap before GC invocations=10 (full 3):
 PSYoungGen      total 182272K, used 18404K [0x00000000e0000000, 0x00000000f1500000, 0x0000000100000000)
  eden space 163840K, 0% used [0x00000000e0000000,0x00000000e0000000,0x00000000ea000000)
  from space 18432K, 99% used [0x00000000ea000000,0x00000000eb1f9078,0x00000000eb200000)
  to   space 23552K, 0% used [0x00000000efe00000,0x00000000efe00000,0x00000000f1500000)
 ParOldGen       total 171008K, used 27244K [0x00000000a0000000, 0x00000000aa700000, 0x00000000e0000000)
  object space 171008K, 15% used [0x00000000a0000000,0x00000000a1a9b1c8,0x00000000aa700000)
 Metaspace       used 57396K, capacity 58948K, committed 59008K, reserved 1099776K
  class space    used 7869K, capacity 8293K, committed 8320K, reserved 1048576K
Event: 6.313 GC heap after
Heap after GC invocations=10 (full 3):
 PSYoungGen      total 182272K, used 0K [0x00000000e0000000, 0x00000000f1500000, 0x0000000100000000)
  eden space 163840K, 0% used [0x00000000e0000000,0x00000000e0000000,0x00000000ea000000)
  from space 18432K, 0% used [0x00000000ea000000,0x00000000ea000000,0x00000000eb200000)
  to   space 23552K, 0% used [0x00000000efe00000,0x00000000efe00000,0x00000000f1500000)
 ParOldGen       total 252416K, used 36478K [0x00000000a0000000, 0x00000000af680000, 0x00000000e0000000)
  object space 252416K, 14% used [0x00000000a0000000,0x00000000a239fbc0,0x00000000af680000)
 Metaspace       used 57396K, capacity 58948K, committed 59008K, reserved 1099776K
  class space    used 7869K, capacity 8293K, committed 8320K, reserved 1048576K
}

