# JRE version: OpenJDK Runtime Environment (8.0_152-b01) (build 1.8.0_152-release-1248-b01)
# Java VM: OpenJDK 64-Bit Server VM (25.152-b01 mixed mode windows-amd64 compressed oops)
Heap:
 PSYoungGen      total 194048K, used 34934K [0x00000000e0000000, 0x00000000f2080000, 0x0000000100000000)
  eden space 175616K, 19% used [0x00000000e0000000,0x00000000e221d860,0x00000000eab80000)
  from space 18432K, 0% used [0x00000000eab80000,0x00000000eab80000,0x00000000ebd80000)
  to   space 23552K, 0% used [0x00000000f0980000,0x00000000f0980000,0x00000000f2080000)
 ParOldGen       total 243200K, used 36471K [0x00000000a0000000, 0x00000000aed80000, 0x00000000e0000000)
  object space 243200K, 14% used [0x00000000a0000000,0x00000000a239ded8,0x00000000aed80000)
 Metaspace       used 58108K, capacity 59678K, committed 59904K, reserved 1101824K
  class space    used 7941K, capacity 8362K, committed 8448K, reserved 1048576K
GC Heap History (10 events):
Event: 4.988 GC heap before
{Heap before GC invocations=6 (full 1):
 PSYoungGen      total 115712K, used 108701K [0x00000000e0000000, 0x00000000e9200000, 0x0000000100000000)
  eden space 108032K, 93% used [0x00000000e0000000,0x00000000e6326268,0x00000000e6980000)
  from space 7680K, 93% used [0x00000000e8a80000,0x00000000e91813d0,0x00000000e9200000)
  to   space 10752K, 0% used [0x00000000e7d00000,0x00000000e7d00000,0x00000000e8780000)
 ParOldGen       total 98816K, used 10273K [0x00000000a0000000, 0x00000000a6080000, 0x00000000e0000000)
  object space 98816K, 10% used [0x00000000a0000000,0x00000000a0a08628,0x00000000a6080000)
 Metaspace       used 34696K, capacity 35262K, committed 35416K, reserved 1079296K
  class space    used 4839K, capacity 5065K, committed 5120K, reserved 1048576K
Event: 4.997 GC heap after
Heap after GC invocations=6 (full 1):
 PSYoungGen      total 138752K, used 10741K [0x00000000e0000000, 0x00000000ecc00000, 0x0000000100000000)
  eden space 128000K, 0% used [0x00000000e0000000,0x00000000e0000000,0x00000000e7d00000)
  from space 10752K, 99% used [0x00000000e7d00000,0x00000000e877d4e0,0x00000000e8780000)
  to   space 14848K, 0% used [0x00000000ebd80000,0x00000000ebd80000,0x00000000ecc00000)
 ParOldGen       total 98816K, used 12864K [0x00000000a0000000, 0x00000000a6080000, 0x00000000e0000000)
  object space 98816K, 13% used [0x00000000a0000000,0x00000000a0c90308,0x00000000a6080000)
 Metaspace       used 34696K, capacity 35262K, committed 35416K, reserved 1079296K
  class space    used 4839K, capacity 5065K, committed 5120K, reserved 1048576K
}
Event: 4.997 GC heap before
{Heap before GC invocations=7 (full 2):
 PSYoungGen      total 138752K, used 10741K [0x00000000e0000000, 0x00000000ecc00000, 0x0000000100000000)
  eden space 128000K, 0% used [0x00000000e0000000,0x00000000e0000000,0x00000000e7d00000)
  from space 10752K, 99% used [0x00000000e7d00000,0x00000000e877d4e0,0x00000000e8780000)
  to   space 14848K, 0% used [0x00000000ebd80000,0x00000000ebd80000,0x00000000ecc00000)
 ParOldGen       total 98816K, used 12864K [0x00000000a0000000, 0x00000000a6080000, 0x00000000e0000000)
  object space 98816K, 13% used [0x00000000a0000000,0x00000000a0c90308,0x00000000a6080000)
 Metaspace       used 34696K, capacity 35262K, committed 35416K, reserved 1079296K
  class space    used 4839K, capacity 5065K, committed 5120K, reserved 1048576K
Event: 5.030 GC heap after
Heap after GC invocations=7 (full 2):
 PSYoungGen      total 138752K, used 0K [0x00000000e0000000, 0x00000000ecc00000, 0x0000000100000000)
  eden space 128000K, 0% used [0x00000000e0000000,0x00000000e0000000,0x00000000e7d00000)
  from space 10752K, 0% used [0x00000000e7d00000,0x00000000e7d00000,0x00000000e8780000)
  to   space 14848K, 0% used [0x00000000ebd80000,0x00000000ebd80000,0x00000000ecc00000)
 ParOldGen       total 162816K, used 20217K [0x00000000a0000000, 0x00000000a9f00000, 0x00000000e0000000)
  object space 162816K, 12% used [0x00000000a0000000,0x00000000a13be508,0x00000000a9f00000)
 Metaspace       used 34696K, capacity 35262K, committed 35416K, reserved 1079296K
  class space    used 4839K, capacity 5065K, committed 5120K, reserved 1048576K
}
Event: 6.026 GC heap before
{Heap before GC invocations=8 (full 2):
 PSYoungGen      total 138752K, used 128000K [0x00000000e0000000, 0x00000000ecc00000, 0x0000000100000000)
  eden space 128000K, 100% used [0x00000000e0000000,0x00000000e7d00000,0x00000000e7d00000)
  from space 10752K, 0% used [0x00000000e7d00000,0x00000000e7d00000,0x00000000e8780000)
  to   space 14848K, 0% used [0x00000000ebd80000,0x00000000ebd80000,0x00000000ecc00000)
 ParOldGen       total 162816K, used 20217K [0x00000000a0000000, 0x00000000a9f00000, 0x00000000e0000000)
  object space 162816K, 12% used [0x00000000a0000000,0x00000000a13be508,0x00000000a9f00000)
 Metaspace       used 47815K, capacity 48682K, committed 49024K, reserved 1091584K
  class space    used 6477K, capacity 6752K, committed 6784K, reserved 1048576K
Event: 6.037 GC heap after
Heap after GC invocations=8 (full 2):
 PSYoungGen      total 190464K, used 14842K [0x00000000e0000000, 0x00000000ed380000, 0x0000000100000000)
  eden space 175616K, 0% used [0x00000000e0000000,0x00000000e0000000,0x00000000eab80000)
  from space 14848K, 99% used [0x00000000ebd80000,0x00000000ecbfeb58,0x00000000ecc00000)
  to   space 18432K, 0% used [0x00000000eab80000,0x00000000eab80000,0x00000000ebd80000)
 ParOldGen       total 162816K, used 22986K [0x00000000a0000000, 0x00000000a9f00000, 0x00000000e0000000)
  object space 162816K, 14% used [0x00000000a0000000,0x00000000a1672948,0x00000000a9f00000)
 Metaspace       used 47815K, capacity 48682K, committed 49024K, reserved 1091584K
  class space    used 6477K, capacity 6752K, committed 6784K, reserved 1048576K
}
Event: 6.995 GC heap before
{Heap before GC invocations=9 (full 2):
 PSYoungGen      total 190464K, used 143447K [0x00000000e0000000, 0x00000000ed380000, 0x0000000100000000)
  eden space 175616K, 73% used [0x00000000e0000000,0x00000000e7d973f8,0x00000000eab80000)
  from space 14848K, 99% used [0x00000000ebd80000,0x00000000ecbfeb58,0x00000000ecc00000)
  to   space 18432K, 0% used [0x00000000eab80000,0x00000000eab80000,0x00000000ebd80000)
 ParOldGen       total 162816K, used 22986K [0x00000000a0000000, 0x00000000a9f00000, 0x00000000e0000000)
  object space 162816K, 14% used [0x00000000a0000000,0x00000000a1672948,0x00000000a9f00000)
 Metaspace       used 57412K, capacity 58944K, committed 59008K, reserved 1099776K
  class space    used 7869K, capacity 8293K, committed 8320K, reserved 1048576K
Event: 7.007 GC heap after
Heap after GC invocations=9 (full 2):
 PSYoungGen      total 194048K, used 18401K [0x00000000e0000000, 0x00000000f2080000, 0x0000000100000000)
  eden space 175616K, 0% used [0x00000000e0000000,0x00000000e0000000,0x00000000eab80000)
  from space 18432K, 99% used [0x00000000eab80000,0x00000000ebd78448,0x00000000ebd80000)
  to   space 23552K, 0% used [0x00000000f0980000,0x00000000f0980000,0x00000000f2080000)
 ParOldGen       total 162816K, used 27523K [0x00000000a0000000, 0x00000000a9f00000, 0x00000000e0000000)
  object space 162816K, 16% used [0x00000000a0000000,0x00000000a1ae0e10,0x00000000a9f00000)
 Metaspace       used 57412K, capacity 58944K, committed 59008K, reserved 1099776K
  class space    used 7869K, capacity 8293K, committed 8320K, reserved 1048576K
}
Event: 7.007 GC heap before
{Heap before GC invocations=10 (full 3):
 PSYoungGen      total 194048K, used 18401K [0x00000000e0000000, 0x00000000f2080000, 0x0000000100000000)
  eden space 175616K, 0% used [0x00000000e0000000,0x00000000e0000000,0x00000000eab80000)
  from space 18432K, 99% used [0x00000000eab80000,0x00000000ebd78448,0x00000000ebd80000)
  to   space 23552K, 0% used [0x00000000f0980000,0x00000000f0980000,0x00000000f2080000)
 ParOldGen       total 162816K, used 27523K [0x00000000a0000000, 0x00000000a9f00000, 0x00000000e0000000)
  object space 162816K, 16% used [0x00000000a0000000,0x00000000a1ae0e10,0x00000000a9f00000)
 Metaspace       used 57412K, capacity 58944K, committed 59008K, reserved 1099776K
  class space    used 7869K, capacity 8293K, committed 8320K, reserved 1048576K
Event: 7.121 GC heap after
Heap after GC invocations=10 (full 3):
 PSYoungGen      total 194048K, used 0K [0x00000000e0000000, 0x00000000f2080000, 0x0000000100000000)
  eden space 175616K, 0% used [0x00000000e0000000,0x00000000e0000000,0x00000000eab80000)
  from space 18432K, 0% used [0x00000000eab80000,0x00000000eab80000,0x00000000ebd80000)
  to   space 23552K, 0% used [0x00000000f0980000,0x00000000f0980000,0x00000000f2080000)
 ParOldGen       total 243200K, used 36471K [0x00000000a0000000, 0x00000000aed80000, 0x00000000e0000000)
  object space 243200K, 14% used [0x00000000a0000000,0x00000000a239ded8,0x00000000aed80000)
 Metaspace       used 57412K, capacity 58944K, committed 59008K, reserved 1099776K
  class space    used 7869K, capacity 8293K, committed 8320K, reserved 1048576K
}

