# JRE version: OpenJDK Runtime Environment (8.0_152-b01) (build 1.8.0_152-release-1248-b01)
# Java VM: OpenJDK 64-Bit Server VM (25.152-b01 mixed mode windows-amd64 compressed oops)
Heap:
 PSYoungGen      total 189952K, used 20014K [0x00000000e0000000, 0x00000000f2080000, 0x0000000100000000)
  eden space 171520K, 11% used [0x00000000e0000000,0x00000000e13b97e0,0x00000000ea780000)
  from space 18432K, 0% used [0x00000000ea780000,0x00000000ea780000,0x00000000eb980000)
  to   space 23552K, 0% used [0x00000000f0980000,0x00000000f0980000,0x00000000f2080000)
 ParOldGen       total 240640K, used 36426K [0x00000000a0000000, 0x00000000aeb00000, 0x00000000e0000000)
  object space 240640K, 15% used [0x00000000a0000000,0x00000000a2392938,0x00000000aeb00000)
 Metaspace       used 57873K, capacity 59500K, committed 59648K, reserved 1099776K
  class space    used 7921K, capacity 8327K, committed 8448K, reserved 1048576K
GC Heap History (10 events):
Event: 4.377 GC heap before
{Heap before GC invocations=6 (full 1):
 PSYoungGen      total 115200K, used 107533K [0x00000000e0000000, 0x00000000e9200000, 0x0000000100000000)
  eden space 107520K, 93% used [0x00000000e0000000,0x00000000e61fc768,0x00000000e6900000)
  from space 7680K, 93% used [0x00000000e8a80000,0x00000000e9186e28,0x00000000e9200000)
  to   space 10752K, 0% used [0x00000000e7d00000,0x00000000e7d00000,0x00000000e8780000)
 ParOldGen       total 100352K, used 10266K [0x00000000a0000000, 0x00000000a6200000, 0x00000000e0000000)
  object space 100352K, 10% used [0x00000000a0000000,0x00000000a0a06ac0,0x00000000a6200000)
 Metaspace       used 34631K, capacity 35262K, committed 35416K, reserved 1079296K
  class space    used 4828K, capacity 5065K, committed 5120K, reserved 1048576K
Event: 4.384 GC heap after
Heap after GC invocations=6 (full 1):
 PSYoungGen      total 138752K, used 10737K [0x00000000e0000000, 0x00000000ec800000, 0x0000000100000000)
  eden space 128000K, 0% used [0x00000000e0000000,0x00000000e0000000,0x00000000e7d00000)
  from space 10752K, 99% used [0x00000000e7d00000,0x00000000e877c4e0,0x00000000e8780000)
  to   space 14848K, 0% used [0x00000000eb980000,0x00000000eb980000,0x00000000ec800000)
 ParOldGen       total 100352K, used 12886K [0x00000000a0000000, 0x00000000a6200000, 0x00000000e0000000)
  object space 100352K, 12% used [0x00000000a0000000,0x00000000a0c95b70,0x00000000a6200000)
 Metaspace       used 34631K, capacity 35262K, committed 35416K, reserved 1079296K
  class space    used 4828K, capacity 5065K, committed 5120K, reserved 1048576K
}
Event: 4.384 GC heap before
{Heap before GC invocations=7 (full 2):
 PSYoungGen      total 138752K, used 10737K [0x00000000e0000000, 0x00000000ec800000, 0x0000000100000000)
  eden space 128000K, 0% used [0x00000000e0000000,0x00000000e0000000,0x00000000e7d00000)
  from space 10752K, 99% used [0x00000000e7d00000,0x00000000e877c4e0,0x00000000e8780000)
  to   space 14848K, 0% used [0x00000000eb980000,0x00000000eb980000,0x00000000ec800000)
 ParOldGen       total 100352K, used 12886K [0x00000000a0000000, 0x00000000a6200000, 0x00000000e0000000)
  object space 100352K, 12% used [0x00000000a0000000,0x00000000a0c95b70,0x00000000a6200000)
 Metaspace       used 34631K, capacity 35262K, committed 35416K, reserved 1079296K
  class space    used 4828K, capacity 5065K, committed 5120K, reserved 1048576K
Event: 4.411 GC heap after
Heap after GC invocations=7 (full 2):
 PSYoungGen      total 138752K, used 0K [0x00000000e0000000, 0x00000000ec800000, 0x0000000100000000)
  eden space 128000K, 0% used [0x00000000e0000000,0x00000000e0000000,0x00000000e7d00000)
  from space 10752K, 0% used [0x00000000e7d00000,0x00000000e7d00000,0x00000000e8780000)
  to   space 14848K, 0% used [0x00000000eb980000,0x00000000eb980000,0x00000000ec800000)
 ParOldGen       total 163328K, used 20147K [0x00000000a0000000, 0x00000000a9f80000, 0x00000000e0000000)
  object space 163328K, 12% used [0x00000000a0000000,0x00000000a13aceb0,0x00000000a9f80000)
 Metaspace       used 34631K, capacity 35262K, committed 35416K, reserved 1079296K
  class space    used 4828K, capacity 5065K, committed 5120K, reserved 1048576K
}
Event: 5.414 GC heap before
{Heap before GC invocations=8 (full 2):
 PSYoungGen      total 138752K, used 128000K [0x00000000e0000000, 0x00000000ec800000, 0x0000000100000000)
  eden space 128000K, 100% used [0x00000000e0000000,0x00000000e7d00000,0x00000000e7d00000)
  from space 10752K, 0% used [0x00000000e7d00000,0x00000000e7d00000,0x00000000e8780000)
  to   space 14848K, 0% used [0x00000000eb980000,0x00000000eb980000,0x00000000ec800000)
 ParOldGen       total 163328K, used 20147K [0x00000000a0000000, 0x00000000a9f80000, 0x00000000e0000000)
  object space 163328K, 12% used [0x00000000a0000000,0x00000000a13aceb0,0x00000000a9f80000)
 Metaspace       used 47811K, capacity 48682K, committed 49024K, reserved 1091584K
  class space    used 6474K, capacity 6752K, committed 6784K, reserved 1048576K
Event: 5.426 GC heap after
Heap after GC invocations=8 (full 2):
 PSYoungGen      total 186368K, used 14842K [0x00000000e0000000, 0x00000000ed700000, 0x0000000100000000)
  eden space 171520K, 0% used [0x00000000e0000000,0x00000000e0000000,0x00000000ea780000)
  from space 14848K, 99% used [0x00000000eb980000,0x00000000ec7fe898,0x00000000ec800000)
  to   space 18432K, 0% used [0x00000000ea780000,0x00000000ea780000,0x00000000eb980000)
 ParOldGen       total 163328K, used 23129K [0x00000000a0000000, 0x00000000a9f80000, 0x00000000e0000000)
  object space 163328K, 14% used [0x00000000a0000000,0x00000000a16966f0,0x00000000a9f80000)
 Metaspace       used 47811K, capacity 48682K, committed 49024K, reserved 1091584K
  class space    used 6474K, capacity 6752K, committed 6784K, reserved 1048576K
}
Event: 6.310 GC heap before
{Heap before GC invocations=9 (full 2):
 PSYoungGen      total 186368K, used 146452K [0x00000000e0000000, 0x00000000ed700000, 0x0000000100000000)
  eden space 171520K, 76% used [0x00000000e0000000,0x00000000e8086898,0x00000000ea780000)
  from space 14848K, 99% used [0x00000000eb980000,0x00000000ec7fe898,0x00000000ec800000)
  to   space 18432K, 0% used [0x00000000ea780000,0x00000000ea780000,0x00000000eb980000)
 ParOldGen       total 163328K, used 23129K [0x00000000a0000000, 0x00000000a9f80000, 0x00000000e0000000)
  object space 163328K, 14% used [0x00000000a0000000,0x00000000a16966f0,0x00000000a9f80000)
 Metaspace       used 57402K, capacity 58944K, committed 59008K, reserved 1099776K
  class space    used 7869K, capacity 8293K, committed 8320K, reserved 1048576K
Event: 6.323 GC heap after
Heap after GC invocations=9 (full 2):
 PSYoungGen      total 189952K, used 18406K [0x00000000e0000000, 0x00000000f2080000, 0x0000000100000000)
  eden space 171520K, 0% used [0x00000000e0000000,0x00000000e0000000,0x00000000ea780000)
  from space 18432K, 99% used [0x00000000ea780000,0x00000000eb979958,0x00000000eb980000)
  to   space 23552K, 0% used [0x00000000f0980000,0x00000000f0980000,0x00000000f2080000)
 ParOldGen       total 163328K, used 27425K [0x00000000a0000000, 0x00000000a9f80000, 0x00000000e0000000)
  object space 163328K, 16% used [0x00000000a0000000,0x00000000a1ac8658,0x00000000a9f80000)
 Metaspace       used 57402K, capacity 58944K, committed 59008K, reserved 1099776K
  class space    used 7869K, capacity 8293K, committed 8320K, reserved 1048576K
}
Event: 6.323 GC heap before
{Heap before GC invocations=10 (full 3):
 PSYoungGen      total 189952K, used 18406K [0x00000000e0000000, 0x00000000f2080000, 0x0000000100000000)
  eden space 171520K, 0% used [0x00000000e0000000,0x00000000e0000000,0x00000000ea780000)
  from space 18432K, 99% used [0x00000000ea780000,0x00000000eb979958,0x00000000eb980000)
  to   space 23552K, 0% used [0x00000000f0980000,0x00000000f0980000,0x00000000f2080000)
 ParOldGen       total 163328K, used 27425K [0x00000000a0000000, 0x00000000a9f80000, 0x00000000e0000000)
  object space 163328K, 16% used [0x00000000a0000000,0x00000000a1ac8658,0x00000000a9f80000)
 Metaspace       used 57402K, capacity 58944K, committed 59008K, reserved 1099776K
  class space    used 7869K, capacity 8293K, committed 8320K, reserved 1048576K
Event: 6.429 GC heap after
Heap after GC invocations=10 (full 3):
 PSYoungGen      total 189952K, used 0K [0x00000000e0000000, 0x00000000f2080000, 0x0000000100000000)
  eden space 171520K, 0% used [0x00000000e0000000,0x00000000e0000000,0x00000000ea780000)
  from space 18432K, 0% used [0x00000000ea780000,0x00000000ea780000,0x00000000eb980000)
  to   space 23552K, 0% used [0x00000000f0980000,0x00000000f0980000,0x00000000f2080000)
 ParOldGen       total 240640K, used 36426K [0x00000000a0000000, 0x00000000aeb00000, 0x00000000e0000000)
  object space 240640K, 15% used [0x00000000a0000000,0x00000000a2392938,0x00000000aeb00000)
 Metaspace       used 57402K, capacity 58944K, committed 59008K, reserved 1099776K
  class space    used 7869K, capacity 8293K, committed 8320K, reserved 1048576K
}

